=== Card Processing Log - 2025-04-17 15:43:15 ===

[2025-04-17 15:44:23] Product Name (Set Name): NON-ENGLISH - Language: Language
[2025-04-17 15:44:29] Mindcrank (New Phyrexia): SUCCESS
[2025-04-17 15:44:29] Narset's Reversal (War of the Spark): FOIL
[2025-04-17 15:44:35] Elvish Champion (Invasion): SUCCESS
[2025-04-17 15:44:43] Shivan Reef (Apocalypse): SUCCESS
[2025-04-17 15:44:49] Luminarch Ascension (Zendikar): SUCCESS
[2025-04-17 15:44:55] Swan Song (Theros): SUCCESS
[2025-04-17 15:45:02] Sorin, Imperious Bloodlord (Core Set 2020): SUCCESS
[2025-04-17 15:45:09] Mutavault (Morningtide): SUCCESS
[2025-04-17 15:45:16] Ezuri, Renegade Leader (The List Reprints): SUCCESS
[2025-04-17 15:45:28] Fable of the Mirror-Breaker (Kamigawa: Neon Dynasty): SEARCH_FAILED - Waiting for manual intervention
[2025-04-17 15:45:43] Fable of the Mirror-Breaker (Kamigawa: Neon Dynasty): MANUAL_INTERVENTION - Proceeding after manual search
[2025-04-17 15:45:47] Fable of the Mirror-Breaker (Kamigawa: Neon Dynasty): SUCCESS
[2025-04-17 15:45:48] Edgar, Charmed Groom (Innistrad: Crimson Vow): FOIL
[2025-04-17 15:45:48] Cultivate (Friday NightMagic 2011 (M11) (M11)): FOIL
[2025-04-17 15:45:54] Tree of Redemption (Innistrad): SUCCESS
[2025-04-17 15:46:01] Bane of Progress (Commander 2015): SUCCESS
[2025-04-17 15:46:08] Kozilek's Return (Oath of the Gatewatch): SUCCESS
[2025-04-17 15:46:20] Takenuma, Abandoned Mire (Kamigawa: Neon Dynasty): SEARCH_FAILED - Waiting for manual intervention
[2025-04-17 15:46:32] Takenuma, Abandoned Mire (Kamigawa: Neon Dynasty): MANUAL_INTERVENTION - Proceeding after manual search
[2025-04-17 15:46:36] Takenuma, Abandoned Mire (Kamigawa: Neon Dynasty): SUCCESS
[2025-04-17 15:46:36] Thoughtseize (Theros): NON-ENGLISH - Language: Chinese Traditional
[2025-04-17 15:46:36] Thoughtseize (Theros): NON-ENGLISH - Language: Korean
[2025-04-17 15:46:43] Ulvenwald Tracker (Avacyn Restored): SUCCESS
[2025-04-17 15:46:44] Burning Inquiry (Mystery Booster Retail Edition Foils): FOIL
[2025-04-17 15:46:50] Conduit of Ruin (Battle for Zendikar): SUCCESS
[2025-04-17 15:46:57] Mutavault (Magic 2014 (M14)): SUCCESS
[2025-04-17 15:47:03] Mutavault (Commander Legends: Battle for Baldur's Gate): SUCCESS
[2025-04-17 15:47:18] Edgar, Charmed Groom (Innistrad: Crimson Vow): SUCCESS
[2025-04-17 15:47:25] Cathars' Crusade (Avacyn Restored): SUCCESS
[2025-04-17 15:47:31] Noxious Revival (The List Reprints): SUCCESS
[2025-04-17 15:47:37] Visions of Beyond (Magic 2012 (M12)): SUCCESS
[2025-04-17 15:47:44] Uro, Titan of Nature's Wrath (The List Reprints): SUCCESS
[2025-04-17 15:47:44] Exquisite Archangel (Aether Revolt): FOIL
[2025-04-17 15:47:57] Blightstep Pathway (From Cute to Brute): SEARCH_FAILED - Waiting for manual intervention
[2025-04-17 15:50:16] Blightstep Pathway (From Cute to Brute): MANUAL_INTERVENTION - Proceeding after manual search
[2025-04-17 15:50:20] Blightstep Pathway (From Cute to Brute): SUCCESS
[2025-04-17 15:50:33] Karn, the Great Creator (War of the Spark): SUCCESS
[2025-04-17 15:50:48] Akroma, Angel of Wrath (Time Spiral Timeshifted): SEARCH_FAILED - Waiting for manual intervention
[2025-04-17 15:51:16] Akroma, Angel of Wrath (Time Spiral Timeshifted): MANUAL_INTERVENTION - Proceeding after manual search
[2025-04-17 15:51:20] Akroma, Angel of Wrath (Time Spiral Timeshifted): SUCCESS
[2025-04-17 15:51:26] Root Sliver (Legions): SUCCESS
[2025-04-17 15:51:32] Jaya's Immolating Inferno (The List Reprints): SUCCESS
[2025-04-17 15:51:39] Kalitas, Traitor of Ghet (Oath of the Gatewatch): SUCCESS
[2025-04-17 15:51:39] Satoru Umezawa (Kamigawa: Neon Dynasty): FOIL
[2025-04-17 15:51:46] Zendikar Resurgent (The List Reprints): SUCCESS
[2025-04-17 15:51:58] Fabled Passage (Throne of Eldraine): SEARCH_FAILED - Waiting for manual intervention
[2025-04-17 15:52:14] Fabled Passage (Throne of Eldraine): MANUAL_INTERVENTION - Proceeding after manual search
[2025-04-17 15:52:18] Fabled Passage (Throne of Eldraine): SUCCESS
[2025-04-17 15:52:19] Tainted Remedy (Magic Origins): SEARCH_FAILED - Waiting for manual intervention
[2025-04-17 15:52:38] Tainted Remedy (Magic Origins): MANUAL_INTERVENTION - Proceeding after manual search
[2025-04-17 15:52:42] Tainted Remedy (Magic Origins): SUCCESS
[2025-04-17 15:52:44] Primal Surge (Avacyn Restored): SEARCH_FAILED - Waiting for manual intervention
[2025-04-17 15:52:54] Primal Surge (Avacyn Restored): MANUAL_INTERVENTION - Proceeding after manual search
[2025-04-17 15:52:58] Primal Surge (Avacyn Restored): SUCCESS
[2025-04-17 15:52:59] Shaman of Forgotten Ways (Dragons of Tarkir): SEARCH_FAILED - Waiting for manual intervention
[2025-04-17 15:53:22] Shaman of Forgotten Ways (Dragons of Tarkir): MANUAL_INTERVENTION - Proceeding after manual search
[2025-04-17 15:53:26] Shaman of Forgotten Ways (Dragons of Tarkir): SUCCESS
[2025-04-17 15:53:35] True Conviction (Scars of Mirrodin): SUCCESS
[2025-04-17 15:53:45] Riverglide Pathway (Zendikar Rising): SUCCESS
[2025-04-17 15:53:46] Archetype of Endurance (Mystery Booster Retail Edition Foils): FOIL
[2025-04-17 15:53:52] Huatli, Warrior Poet (Ixalan): SUCCESS
[2025-04-17 15:53:58] Lyra Dawnbringer (Dominaria): SUCCESS
[2025-04-17 15:54:05] Elvish Harbinger (Lorwyn): SUCCESS
[2025-04-17 15:54:05] Hanweir Garrison (Eldritch Moon): FOIL
[2025-04-17 15:54:21] Riverglide Pathway (Zendikar Rising): SUCCESS
[2025-04-17 15:54:35] Haunted Ridge (Innistrad: Midnight Hunt): SUCCESS
[2025-04-17 15:54:43] Strionic Resonator (Magic 2014 (M14)): SUCCESS
[2025-04-17 15:54:49] Grand Coliseum (Onslaught): SUCCESS
[2025-04-17 15:54:56] Beastmaster Ascension (Zendikar): SUCCESS
[2025-04-17 15:55:08] Lim-Dul's Vault (Alliances): SEARCH_FAILED - Waiting for manual intervention
[2025-04-17 15:56:09] Lim-Dul's Vault (Alliances): SKIPPED - User chose to skip
[2025-04-17 15:56:16] Cryptolith Rite (Shadows over Innistrad): SUCCESS
[2025-04-17 15:56:24] Chord of Calling (Magic 2015 (M15)): SUCCESS
[2025-04-17 15:56:30] Dreamborn Muse (Commander Anthology Volume II): SUCCESS
[2025-04-17 15:56:46] Brightclimb Pathway (From Cute to Brute): SUCCESS
[2025-04-17 15:56:48] Skyshroud Poacher (Nemesis): SEARCH_FAILED - Waiting for manual intervention
[2025-04-17 15:56:52] Skyshroud Poacher (Nemesis): MANUAL_INTERVENTION - Proceeding after manual search
[2025-04-17 15:56:57] Skyshroud Poacher (Nemesis): SUCCESS
[2025-04-17 15:57:03] Inspiring Vantage (Kaladesh): SUCCESS
[2025-04-17 15:57:11] Nicol Bolas, Dragon-God (Ravnica Remastered): SUCCESS
[2025-04-17 15:57:18] Gift of Immortality (Theros): SUCCESS
[2025-04-17 15:57:30] Brazen Borrower (Throne of Eldraine): SUCCESS
[2025-04-17 15:57:37] Pattern of Rebirth (Urza's Destiny): SUCCESS
[2025-04-17 15:57:49] Brightclimb Pathway (Zendikar Rising): SEARCH_FAILED - Waiting for manual intervention
[2025-04-17 15:57:53] Brightclimb Pathway (Zendikar Rising): MANUAL_INTERVENTION - Proceeding after manual search
[2025-04-17 15:57:57] Brightclimb Pathway (Zendikar Rising): SUCCESS
[2025-04-17 15:58:04] Knight of the Ebon Legion (Core Set 2020): SUCCESS
[2025-04-17 15:58:04] Rampaging Baloths (Zendikar Promos): FOIL
[2025-04-17 15:58:10] Surrak Dragonclaw (Khans of Tarkir): SUCCESS
[2025-04-17 15:58:21] Nicol Bolas, Dragon-God (War of the Spark): SUCCESS
[2025-04-17 15:58:27] Aura of Silence (Weatherlight): SUCCESS
[2025-04-17 15:58:40] Nicol Bolas, God-Pharaoh (Hour of Devastation): SUCCESS
[2025-04-17 15:58:50] Castle Locthwain (Throne of Eldraine): SUCCESS
[2025-04-17 15:58:51] Smoldering Marsh (BFZ Standard Series): NON-ENGLISH - Language: Russian
[2025-04-17 15:58:52] Kaysa (Alliances): SEARCH_FAILED - Waiting for manual intervention
[2025-04-17 15:58:57] Kaysa (Alliances): MANUAL_INTERVENTION - Proceeding after manual search
[2025-04-17 15:59:01] Kaysa (Alliances): SUCCESS
[2025-04-17 15:59:14] Nissa, Who Shakes the World (War of the Spark): SUCCESS
[2025-04-17 15:59:14] Sorin the Mirthless (Innistrad: Crimson Vow): FOIL
[2025-04-17 15:59:21] Bruna, the Fading Light (Eldritch Moon): SUCCESS
[2025-04-17 15:59:21] Heartwood Storyteller (The List Reprints): FOIL
[2025-04-17 15:59:21] Holdout Settlement (Oath of the Gatewatch): FOIL
[2025-04-17 15:59:22] Melira, Sylvok Outcast (New Phyrexia): SEARCH_FAILED - Waiting for manual intervention
[2025-04-17 15:59:27] Melira, Sylvok Outcast (New Phyrexia): MANUAL_INTERVENTION - Proceeding after manual search
[2025-04-17 15:59:32] Melira, Sylvok Outcast (New Phyrexia): SUCCESS
[2025-04-17 15:59:43] Ayara, First of Locthwain (Throne of Eldraine): SUCCESS
[2025-04-17 15:59:49] World Breaker (Oath of the Gatewatch): SUCCESS
[2025-04-17 15:59:56] Biogenic Ooze (Ravnica Allegiance): SUCCESS
[2025-04-17 15:59:57] Underworld Dreams (Theros Beyond Death): FOIL
[2025-04-17 16:00:03] Gyre Sage (Gatecrash): SUCCESS
[2025-04-17 16:00:10] Heritage Druid (Morningtide): SUCCESS
[2025-04-17 16:00:17] Sylvan Caryatid (Theros): SUCCESS
[2025-04-17 16:00:23] Arachnogenesis (Commander 2015): SUCCESS
[2025-04-17 16:00:36] Magus of the Vineyard (Commander 2011): SEARCH_FAILED - Waiting for manual intervention
[2025-04-17 16:00:48] Magus of the Vineyard (Commander 2011): MANUAL_INTERVENTION - Proceeding after manual search
[2025-04-17 16:00:52] Magus of the Vineyard (Commander 2011): SUCCESS
[2025-04-17 16:00:52] Campaign of Vengeance (Eldritch Moon): FOIL
[2025-04-17 16:01:09] Elvish Piper (Tenth Edition): SUCCESS
[2025-04-17 16:01:11] Capital Punishment (Conspiracy: Take the Crown): SEARCH_FAILED - Waiting for manual intervention
[2025-04-17 16:01:16] Capital Punishment (Conspiracy: Take the Crown): MANUAL_INTERVENTION - Proceeding after manual search
[2025-04-17 16:01:20] Capital Punishment (Conspiracy: Take the Crown): SUCCESS
[2025-04-17 16:01:26] Shivan Gorge (Urza's Saga): SUCCESS
[2025-04-17 16:01:34] Caller of the Claw (Commander 2015): SUCCESS
[2025-04-17 16:01:40] Angelic Field Marshal (Commander 2014): SUCCESS
[2025-04-17 16:01:46] Garruk Wildspeaker (Magic 2011 (M11)): SUCCESS
[2025-04-17 16:01:55] Heritage Druid (Eternal Masters): SUCCESS
[2025-04-17 16:02:02] Elves of Deep Shadow (Ravnica: City of Guilds): SUCCESS
[2025-04-17 16:02:09] Chromatic Lantern (Return to Ravnica): SUCCESS
[2025-04-17 16:02:15] Crux of Fate (Fate Reforged): SUCCESS
[2025-04-17 16:02:22] Ulrich of the Krallenhorde (Eldritch Moon): SUCCESS
[2025-04-17 16:02:28] Felidar Sovereign (Battle for Zendikar): SUCCESS
[2025-04-17 16:02:35] Incubation Druid (Ravnica Allegiance): SUCCESS
[2025-04-17 16:02:49] Liliana's Specter (Magic 2011 (M11) Promos): SEARCH_FAILED - Waiting for manual intervention
[2025-04-17 16:02:55] Liliana's Specter (Magic 2011 (M11) Promos): MANUAL_INTERVENTION - Proceeding after manual search
[2025-04-17 16:02:59] Liliana's Specter (Magic 2011 (M11) Promos): SUCCESS
[2025-04-17 16:03:06] Sygg, River Cutthroat (Shadowmoor): SUCCESS
[2025-04-17 16:03:13] Second Harvest (Shadows over Innistrad): SUCCESS
[2025-04-17 16:03:20] Overwhelming Stampede (Magic 2011 (M11)): SUCCESS
[2025-04-17 16:03:26] Planar Bridge (Aether Revolt): SUCCESS
[2025-04-17 16:03:33] Garruk, Primal Hunter (Magic 2013 (M13)): SUCCESS
[2025-04-17 16:03:46] Emry, Lurker of the Loch (Throne of Eldraine): SEARCH_FAILED - Waiting for manual intervention
[2025-04-17 16:03:49] Emry, Lurker of the Loch (Throne of Eldraine): MANUAL_INTERVENTION - Proceeding after manual search
[2025-04-17 16:03:53] Emry, Lurker of the Loch (Throne of Eldraine): SUCCESS
[2025-04-17 16:04:00] Pyrokinesis (Eternal Masters): SUCCESS
[2025-04-17 16:04:06] Ishkanah, Grafwidow (The List Reprints): SUCCESS
[2025-04-17 16:04:13] Subversion (Battle Royale Box Set): SUCCESS
[2025-04-17 16:04:19] Battlefield Forge (Tenth Edition): SEARCH_FAILED - Waiting for manual intervention
[2025-04-17 16:04:23] Battlefield Forge (Tenth Edition): MANUAL_INTERVENTION - Proceeding after manual search
[2025-04-17 16:04:27] Battlefield Forge (Tenth Edition): SUCCESS
[2025-04-17 16:04:39] Chandra, Torch of Defiance (Kaladesh): SUCCESS
[2025-04-17 16:04:39] Wear (Mystery Booster Retail Edition Foils): FOIL
[2025-04-17 16:04:45] Gavony Township (Innistrad): SUCCESS
[2025-04-17 16:04:52] Jukai Naturalist (Kamigawa: Neon Dynasty): SUCCESS
[2025-04-17 16:05:05] Torbran, Thane of Red Fell (Throne of Eldraine): SUCCESS
[2025-04-17 16:05:11] Eternal Witness (Fifth Dawn): SUCCESS
[2025-04-17 16:05:19] Argentum Armor (Commander 2014): SUCCESS
[2025-04-17 16:05:25] Hope of Ghirapur (The List Reprints): SUCCESS
[2025-04-17 16:05:38] Gideon Blackblade (War of the Spark Promos): SEARCH_FAILED - Waiting for manual intervention
[2025-04-17 16:05:50] Gideon Blackblade (War of the Spark Promos): MANUAL_INTERVENTION - Proceeding after manual search
[2025-04-17 16:05:54] Gideon Blackblade (War of the Spark Promos): SUCCESS
[2025-04-17 16:06:06] Island (Kamigawa: Neon Dynasty): SEARCH_FAILED - Waiting for manual intervention
[2025-04-17 16:06:27] Island (Kamigawa: Neon Dynasty): MANUAL_INTERVENTION - Proceeding after manual search
[2025-04-17 16:06:31] Island (Kamigawa: Neon Dynasty): SUCCESS
[2025-04-17 16:06:38] Fiendslayer Paladin (The List Reprints): SUCCESS
[2025-04-17 16:06:45] Demon of Dark Schemes (Kaladesh): SUCCESS
[2025-04-17 16:06:45] Maze's End (Dragon's Maze Promos): FOIL
[2025-04-17 16:06:51] Eternal Scourge (Eldritch Moon): SUCCESS
[2025-04-17 16:07:03] Sokenzan, Crucible of Defiance (Kamigawa: Neon Dynasty): SUCCESS
[2025-04-17 16:07:10] Rishkar's Expertise (Aether Revolt): SUCCESS
[2025-04-17 16:07:19] Jace, Unraveler of Secrets (Shadows over Innistrad): SUCCESS
[2025-04-17 16:07:19] Manaform Hellkite (Innistrad: Crimson Vow): FOIL
[2025-04-17 16:07:29] Kroxa, Titan of Death's Hunger (Theros Beyond Death): SUCCESS
[2025-04-17 16:07:30] Protector of the Crown (Conspiracy: Take the Crown): SEARCH_FAILED - Waiting for manual intervention
[2025-04-17 16:07:34] Protector of the Crown (Conspiracy: Take the Crown): MANUAL_INTERVENTION - Proceeding after manual search
[2025-04-17 16:07:38] Protector of the Crown (Conspiracy: Take the Crown): SUCCESS
[2025-04-17 16:07:54] Chandra, Torch of Defiance (Pioneer Challenger Decks 2021): SEARCH_FAILED - Waiting for manual intervention
[2025-04-17 16:08:22] Chandra, Torch of Defiance (Pioneer Challenger Decks 2021): MANUAL_INTERVENTION - Proceeding after manual search
[2025-04-17 16:08:27] Chandra, Torch of Defiance (Pioneer Challenger Decks 2021): SUCCESS
[2025-04-17 16:08:35] Hope of Ghirapur (Aether Revolt): SUCCESS
[2025-04-17 16:08:41] Sanctum of Ugin (Battle for Zendikar): SUCCESS
[2025-04-17 16:08:42] Myr Propagator (Scars of Mirrodin): SEARCH_FAILED - Waiting for manual intervention
[2025-04-17 16:08:45] Myr Propagator (Scars of Mirrodin): MANUAL_INTERVENTION - Proceeding after manual search
[2025-04-17 16:08:49] Myr Propagator (Scars of Mirrodin): SUCCESS
[2025-04-17 16:08:56] Karn's Temporal Sundering (Dominaria): SUCCESS
[2025-04-17 16:09:02] Ezuri's Predation (Commander 2015): SUCCESS
[2025-04-17 16:09:04] Mossbridge Troll (Shadowmoor): SEARCH_FAILED - Waiting for manual intervention
[2025-04-17 16:09:09] Mossbridge Troll (Shadowmoor): MANUAL_INTERVENTION - Proceeding after manual search
[2025-04-17 16:09:13] Mossbridge Troll (Shadowmoor): SUCCESS
[2025-04-17 16:09:13] Sylvan Scrying (Friday Night Magic 2016): FOIL
[2025-04-17 16:09:25] Forest (Kamigawa: Neon Dynasty): SEARCH_FAILED - Waiting for manual intervention
[2025-04-17 16:10:03] Forest (Kamigawa: Neon Dynasty): MANUAL_INTERVENTION - Proceeding after manual search
[2025-04-17 16:10:07] Forest (Kamigawa: Neon Dynasty): SUCCESS
[2025-04-17 16:10:13] Herald of the Pantheon (Magic Origins): SUCCESS
[2025-04-17 16:10:27] Beast Within (From Cute to Brute): SEARCH_FAILED - Waiting for manual intervention
[2025-04-17 16:10:48] Beast Within (From Cute to Brute): MANUAL_INTERVENTION - Proceeding after manual search
[2025-04-17 16:10:52] Beast Within (From Cute to Brute): SUCCESS
[2025-04-17 16:10:59] Worldslayer (Magic 2012 (M12)): SUCCESS
[2025-04-17 16:11:05] Plague Belcher (Amonkhet): SUCCESS
[2025-04-17 16:11:14] Dictate of Kruphix (Journey into Nyx): SUCCESS
[2025-04-17 16:11:21] Rakdos, the Showstopper (Ravnica Allegiance): SUCCESS
[2025-04-17 16:11:22] Possibility Storm (Dragon's Maze): SEARCH_FAILED - Waiting for manual intervention
[2025-04-17 16:21:03] Possibility Storm (Dragon's Maze): MANUAL_INTERVENTION - Proceeding after manual search
[2025-04-17 16:21:07] Possibility Storm (Dragon's Maze): SUCCESS
[2025-04-17 16:21:14] Fyndhorn Elves (Ice Age): SUCCESS
[2025-04-17 16:21:20] Vines of Vastwood (Zendikar): SUCCESS
[2025-04-17 16:21:20] Command the Dreadhorde (War of the Spark): FOIL
[2025-04-17 16:21:27] Deafening Silence (Throne of Eldraine): SUCCESS
[2025-04-17 16:21:33] Ghalta, Primal Hunger (The List Reprints): SUCCESS
[2025-04-17 16:21:50] Doom Weaver (Crimson Vow Commander): SUCCESS
[2025-04-17 16:22:01] Plains (Theros Beyond Death): SEARCH_FAILED - Waiting for manual intervention
[2025-04-17 16:34:28] Plains (Theros Beyond Death): MANUAL_INTERVENTION - Proceeding after manual search
[2025-04-17 16:34:32] Plains (Theros Beyond Death): SUCCESS
[2025-04-17 16:34:39] Metallurgic Summonings (Kaladesh): SUCCESS
[2025-04-17 16:34:46] Fatal Push (Aether Revolt): SUCCESS
[2025-04-17 16:34:52] Harvest Season (Amonkhet): SUCCESS
[2025-04-17 16:34:58] Beast Within (Conspiracy: Take the Crown): SUCCESS
[2025-04-17 16:35:10] Kataki, War's Wage (Modern Event Deck 2014): SEARCH_FAILED - Waiting for manual intervention
[2025-04-17 16:35:29] Kataki, War's Wage (Modern Event Deck 2014): SKIPPED - User chose to skip
[2025-04-17 16:35:30] Muscle Sliver (Premium Deck Series: Slivers): FOIL
[2025-04-17 16:35:41] Setessan Champion (Theros Beyond Death): SUCCESS
[2025-04-17 16:35:47] Blasted Landscape (Urza's Saga): SUCCESS
[2025-04-17 16:35:54] Weatherseed Treefolk (Urza's Legacy): SUCCESS
[2025-04-17 16:36:00] Mayael the Anima (Shards of Alara): SUCCESS
[2025-04-17 16:36:00] Scrap Trawler (Aether Revolt): FOIL
[2025-04-17 16:36:06] Saproling Symbiosis (Invasion): SUCCESS
[2025-04-17 16:36:13] Snake Basket (Visions): SUCCESS
[2025-04-17 16:36:20] Fevered Visions (Shadows over Innistrad): SUCCESS
[2025-04-17 16:36:33] Emmara, Soul of the Accord (From Cute to Brute): SEARCH_FAILED - Waiting for manual intervention
[2025-04-17 16:36:53] Emmara, Soul of the Accord (From Cute to Brute): SKIPPED - User chose to skip
[2025-04-17 16:36:59] Deflecting Palm (Khans of Tarkir): SUCCESS
[2025-04-17 16:37:01] Glaring Spotlight (Gatecrash): SEARCH_FAILED - Waiting for manual intervention
[2025-04-17 16:37:03] Glaring Spotlight (Gatecrash): MANUAL_INTERVENTION - Proceeding after manual search
[2025-04-17 16:37:08] Glaring Spotlight (Gatecrash): SUCCESS
[2025-04-17 16:37:14] Sire of Stagnation (Battle for Zendikar): SUCCESS
[2025-04-17 16:37:21] Hanweir Garrison (Eldritch Moon): SUCCESS
[2025-04-17 16:37:27] Herald of Anguish (Aether Revolt): SUCCESS
[2025-04-17 16:37:34] Ghalta, Primal Hunger (Rivals of Ixalan): SUCCESS
[2025-04-17 16:37:48] Sylvan Anthem (Modern Horizons 2): SUCCESS
[2025-04-17 16:37:55] Gut Shot (New Phyrexia): SUCCESS
[2025-04-17 16:38:01] Render Silent (Dragon's Maze): SUCCESS
[2025-04-17 16:38:08] Decimator of the Provinces (Eldritch Moon): SUCCESS
[2025-04-17 16:38:14] Ohran Viper (Commander 2015): SUCCESS
[2025-04-17 16:38:26] Swamp (Theros Beyond Death): SEARCH_FAILED - Waiting for manual intervention
[2025-04-17 16:39:03] Swamp (Theros Beyond Death): MANUAL_INTERVENTION - Proceeding after manual search
[2025-04-17 16:39:07] Swamp (Theros Beyond Death): SUCCESS
[2025-04-17 16:39:13] Drogskol Reaver (Dark Ascension): SUCCESS
[2025-04-17 16:39:30] Voldaren Pariah (From Cute to Brute): SUCCESS
[2025-04-17 16:39:31] Daxos the Returned (Commander 2015 Oversized): FOIL
[2025-04-17 16:39:37] Atarka's Command (Dragons of Tarkir): SUCCESS
[2025-04-17 16:39:44] Lava Spike (Pro Tour Promos): SUCCESS
[2025-04-17 16:39:46] Minion Reflector (Shards of Alara): SEARCH_FAILED - Waiting for manual intervention
[2025-04-17 16:39:49] Minion Reflector (Shards of Alara): MANUAL_INTERVENTION - Proceeding after manual search
[2025-04-17 16:39:53] Minion Reflector (Shards of Alara): SUCCESS
[2025-04-17 16:40:00] Spell Swindle (The List Reprints): SUCCESS
[2025-04-17 16:40:07] Sram, Senior Edificer (Aether Revolt): SUCCESS
[2025-04-17 16:40:13] Somberwald Sage (Avacyn Restored): SUCCESS
[2025-04-17 16:40:20] Day of Judgment (Zendikar): SUCCESS
[2025-04-17 16:40:26] Animist's Awakening (Magic Origins): SUCCESS
[2025-04-17 16:40:32] Fountain Watch (The List Reprints): SUCCESS
[2025-04-17 16:40:39] Skysovereign, Consul Flagship (Kaladesh): SUCCESS
[2025-04-17 16:40:46] From Beyond (Battle for Zendikar): SUCCESS
[2025-04-17 16:40:52] Spirit of the Labyrinth (The List Reprints): SUCCESS
[2025-04-17 16:40:59] Storm Herd (The List Reprints): SUCCESS
[2025-04-17 16:41:05] Hammer of Purphoros (Theros): SUCCESS
[2025-04-17 16:41:12] Rancor (Urza's Legacy): SUCCESS
[2025-04-17 16:41:18] Eldrazi Mimic (Oath of the Gatewatch): SUCCESS
[2025-04-17 16:41:25] Elemental Mastery (Shadowmoor): SUCCESS
[2025-04-17 16:41:32] Talisman of Dominance (Mirrodin): SUCCESS
[2025-04-17 16:41:43] Genesis Wave (Scars of Mirrodin): SEARCH_FAILED - Waiting for manual intervention
